android/app/build/intermediates/manifest_merge_blame_file/release/manifest-merger-blame-release-report.txt
1<?xml version="1.0" encoding="utf-8"?>
2<manifest xmlns:android="http://schemas.android.com/apk/res/android"
3    package="com.imagefiltering"
4    android:versionCode="1"
5    android:versionName="1.0" >
6
7    <uses-sdk
8        android:minSdkVersion="21"
8-->src/main/AndroidManifest.xml
9        android:targetSdkVersion="31" />
9-->src/main/AndroidManifest.xml
10
11    <uses-permission android:name="android.permission.INTERNET" />
11-->src/main/AndroidManifest.xml:4:5-67
11-->src/main/AndroidManifest.xml:4:22-64
12    <uses-permission android:name="android.permission.READ_EXTERNAL_STORAGE" />
12-->src/main/AndroidManifest.xml:5:5-79
12-->src/main/AndroidManifest.xml:5:22-77
13    <uses-permission android:name="android.permission.WRITE_EXTERNAL_STORAGE" />
13-->src/main/AndroidManifest.xml:6:5-80
13-->src/main/AndroidManifest.xml:6:22-78
14    <uses-permission android:name="android.permission.READ_MEDIA_IMAGES" />
14-->src/main/AndroidManifest.xml:7:5-75
14-->src/main/AndroidManifest.xml:7:22-73
15
16    <queries>
16-->[:react-native-image-crop-picker] AndroidManifest.xml:9:5-13:15
17        <intent>
17-->[:react-native-image-crop-picker] AndroidManifest.xml:10:9-12:18
18            <action android:name="android.media.action.IMAGE_CAPTURE" />
18-->[:react-native-image-crop-picker] AndroidManifest.xml:11:13-73
18-->[:react-native-image-crop-picker] AndroidManifest.xml:11:21-70
19        </intent>
20    </queries> <!-- Required to access Google Play Licensing -->
21    <uses-permission android:name="com.android.vending.CHECK_LICENSE" />
21-->[:rn-fetch-blob] AndroidManifest.xml:10:5-73
21-->[:rn-fetch-blob] AndroidManifest.xml:10:22-70
22    <!--
23         Required to keep CPU alive while downloading files
24        (NOT to keep screen awake)
25    -->
26    <uses-permission android:name="android.permission.WAKE_LOCK" />
26-->[:rn-fetch-blob] AndroidManifest.xml:19:5-68
26-->[:rn-fetch-blob] AndroidManifest.xml:19:22-65
27    <!--
28         Required to poll the state of the network connection
29        and respond to changes
30    -->
31    <uses-permission android:name="android.permission.ACCESS_NETWORK_STATE" /> <!-- Required to check whether Wi-Fi is enabled -->
31-->[:rn-fetch-blob] AndroidManifest.xml:25:5-79
31-->[:rn-fetch-blob] AndroidManifest.xml:25:22-76
32    <uses-permission android:name="android.permission.ACCESS_WIFI_STATE" />
32-->[:rn-fetch-blob] AndroidManifest.xml:28:5-76
32-->[:rn-fetch-blob] AndroidManifest.xml:28:22-73
33
34    <application
34-->src/main/AndroidManifest.xml:9:5-29:19
35        android:name="com.imagefiltering.MainApplication"
35-->src/main/AndroidManifest.xml:10:7-38
36        android:allowBackup="false"
36-->src/main/AndroidManifest.xml:14:7-34
37        android:appComponentFactory="androidx.core.app.CoreComponentFactory"
37-->[androidx.core:core:1.7.0] AndroidManifest.xml:24:18-86
38        android:icon="@mipmap/ic_launcher"
38-->src/main/AndroidManifest.xml:12:7-41
39        android:label="@string/app_name"
39-->src/main/AndroidManifest.xml:11:7-39
40        android:roundIcon="@mipmap/ic_launcher_round"
40-->src/main/AndroidManifest.xml:13:7-52
41        android:theme="@style/AppTheme" >
41-->src/main/AndroidManifest.xml:15:7-38
42        <activity
42-->src/main/AndroidManifest.xml:16:7-28:18
43            android:name="com.imagefiltering.MainActivity"
43-->src/main/AndroidManifest.xml:17:9-37
44            android:configChanges="keyboard|keyboardHidden|orientation|screenLayout|screenSize|smallestScreenSize|uiMode"
44-->src/main/AndroidManifest.xml:19:9-118
45            android:exported="true"
45-->src/main/AndroidManifest.xml:22:9-32
46            android:label="@string/app_name"
46-->src/main/AndroidManifest.xml:18:9-41
47            android:launchMode="singleTask"
47-->src/main/AndroidManifest.xml:20:9-40
48            android:requestLegacyExternalStorage="true"
48-->src/main/AndroidManifest.xml:23:9-52
49            android:windowSoftInputMode="adjustResize" >
49-->src/main/AndroidManifest.xml:21:9-51
50            <intent-filter>
50-->src/main/AndroidManifest.xml:24:9-27:25
51                <action android:name="android.intent.action.MAIN" />
51-->src/main/AndroidManifest.xml:25:13-65
51-->src/main/AndroidManifest.xml:25:21-62
52
53                <category android:name="android.intent.category.LAUNCHER" />
53-->src/main/AndroidManifest.xml:26:13-73
53-->src/main/AndroidManifest.xml:26:23-70
54            </intent-filter>
55        </activity>
56
57        <provider
57-->[:react-native-image-crop-picker] AndroidManifest.xml:18:9-26:20
58            android:name="com.reactnative.ivpusic.imagepicker.IvpusicImagePickerFileProvider"
58-->[:react-native-image-crop-picker] AndroidManifest.xml:19:13-94
59            android:authorities="com.imagefiltering.provider"
59-->[:react-native-image-crop-picker] AndroidManifest.xml:20:13-60
60            android:exported="false"
60-->[:react-native-image-crop-picker] AndroidManifest.xml:21:13-37
61            android:grantUriPermissions="true" >
61-->[:react-native-image-crop-picker] AndroidManifest.xml:22:13-47
62            <meta-data
62-->[:react-native-image-crop-picker] AndroidManifest.xml:23:13-25:78
63                android:name="android.support.FILE_PROVIDER_PATHS"
63-->[:react-native-image-crop-picker] AndroidManifest.xml:24:17-67
64                android:resource="@xml/ivpusic_imagepicker_provider_paths" />
64-->[:react-native-image-crop-picker] AndroidManifest.xml:25:17-75
65        </provider>
66
67        <activity
67-->[:react-native-image-crop-picker] AndroidManifest.xml:28:9-30:72
68            android:name="com.yalantis.ucrop.UCropActivity"
68-->[:react-native-image-crop-picker] AndroidManifest.xml:29:13-60
69            android:theme="@style/Theme.AppCompat.Light.NoActionBar" />
69-->[:react-native-image-crop-picker] AndroidManifest.xml:30:13-69
70
71        <provider
71-->[:react-native-image-picker] AndroidManifest.xml:10:9-18:20
72            android:name="com.imagepicker.ImagePickerProvider"
72-->[:react-native-image-picker] AndroidManifest.xml:11:13-63
73            android:authorities="com.imagefiltering.imagepickerprovider"
73-->[:react-native-image-picker] AndroidManifest.xml:12:13-71
74            android:exported="false"
74-->[:react-native-image-picker] AndroidManifest.xml:13:13-37
75            android:grantUriPermissions="true" >
75-->[:react-native-image-picker] AndroidManifest.xml:14:13-47
76            <meta-data
76-->[:react-native-image-crop-picker] AndroidManifest.xml:23:13-25:78
77                android:name="android.support.FILE_PROVIDER_PATHS"
77-->[:react-native-image-crop-picker] AndroidManifest.xml:24:17-67
78                android:resource="@xml/imagepicker_provider_paths" />
78-->[:react-native-image-crop-picker] AndroidManifest.xml:25:17-75
79        </provider>
80        <provider
80-->[:rn-fetch-blob] AndroidManifest.xml:34:9-42:20
81            android:name="com.RNFetchBlob.Utils.FileProvider"
81-->[:rn-fetch-blob] AndroidManifest.xml:35:13-62
82            android:authorities="com.imagefiltering.provider"
82-->[:rn-fetch-blob] AndroidManifest.xml:36:13-60
83            android:exported="false"
83-->[:rn-fetch-blob] AndroidManifest.xml:37:13-37
84            android:grantUriPermissions="true" >
84-->[:rn-fetch-blob] AndroidManifest.xml:38:13-47
85            <meta-data
85-->[:react-native-image-crop-picker] AndroidManifest.xml:23:13-25:78
86                android:name="android.support.FILE_PROVIDER_PATHS"
86-->[:react-native-image-crop-picker] AndroidManifest.xml:24:17-67
87                android:resource="@xml/provider_paths" />
87-->[:react-native-image-crop-picker] AndroidManifest.xml:25:17-75
88        </provider>
89        <provider
89-->[androidx.emoji2:emoji2:1.0.0] AndroidManifest.xml:26:9-34:20
90            android:name="androidx.startup.InitializationProvider"
90-->[androidx.emoji2:emoji2:1.0.0] AndroidManifest.xml:27:13-67
91            android:authorities="com.imagefiltering.androidx-startup"
91-->[androidx.emoji2:emoji2:1.0.0] AndroidManifest.xml:28:13-68
92            android:exported="false" >
92-->[androidx.emoji2:emoji2:1.0.0] AndroidManifest.xml:29:13-37
93            <meta-data
93-->[androidx.emoji2:emoji2:1.0.0] AndroidManifest.xml:31:13-33:52
94                android:name="androidx.emoji2.text.EmojiCompatInitializer"
94-->[androidx.emoji2:emoji2:1.0.0] AndroidManifest.xml:32:17-75
95                android:value="androidx.startup" />
95-->[androidx.emoji2:emoji2:1.0.0] AndroidManifest.xml:33:17-49
96            <meta-data
96-->[androidx.lifecycle:lifecycle-process:2.4.0] AndroidManifest.xml:31:13-33:52
97                android:name="androidx.lifecycle.ProcessLifecycleInitializer"
97-->[androidx.lifecycle:lifecycle-process:2.4.0] AndroidManifest.xml:32:17-78
98                android:value="androidx.startup" />
98-->[androidx.lifecycle:lifecycle-process:2.4.0] AndroidManifest.xml:33:17-49
99        </provider>
100    </application>
101
102</manifest>